<?xml version="1.0" encoding="UTF-8"?>
<!-- Generated by org.testng.reporters.JUnitXMLReporter -->
<testsuite ignored="8" hostname="SLIDEQA2" failures="0" tests="1" name="ResolutionTest" time="25.043" errors="0" timestamp="2022-06-01T13:03:45 IST">
  <testcase classname="testCases.A4Pages" name="checkResolutionForA4Pages" time="25.023"/>
  <testcase classname="testCases.BaseClass" name="@BeforeSuite setUp" time="0.0">
    <ignored/>
  </testcase> <!-- @BeforeSuite setUp -->
  <testcase classname="testCases.BaseClass" name="@BeforeSuite setUp" time="0.0">
    <ignored/>
  </testcase> <!-- @BeforeSuite setUp -->
  <testcase classname="testCases.WidgetsPages" name="checkResolutionForWidgets" time="0.0">
    <ignored/>
  </testcase> <!-- checkResolutionForWidgets -->
  <testcase classname="testCases.BaseClass" name="@BeforeSuite setUp" time="0.0">
    <ignored/>
  </testcase> <!-- @BeforeSuite setUp -->
  <testcase classname="testCases.NewlyProducts" name="checkResolutionForNewlyProducts" time="0.0">
    <ignored/>
  </testcase> <!-- checkResolutionForNewlyProducts -->
  <testcase classname="testCases.SliPages" name="checkResolutionForSliPages" time="0.0">
    <ignored/>
  </testcase> <!-- checkResolutionForSliPages -->
  <testcase classname="testCases.PopularPPts" name="checkResolutionForpopularPPts" time="0.0">
    <ignored/>
  </testcase> <!-- checkResolutionForpopularPPts -->
  <testcase classname="testCases.BaseClass" name="@BeforeSuite setUp" time="0.0">
    <ignored/>
  </testcase> <!-- @BeforeSuite setUp -->
</testsuite> <!-- ResolutionTest -->
