<?xml version="1.0" encoding="UTF-8"?>
<testng-results ignored="8" total="9" passed="1" failed="0" skipped="0">
  <reporter-output>
  </reporter-output>
  <suite started-at="2022-06-01T13:03:20 IST" name="Suite" finished-at="2022-06-01T13:03:45 IST" duration-ms="25043">
    <groups>
    </groups>
    <test started-at="2022-06-01T13:03:20 IST" name="ResolutionTest" finished-at="2022-06-01T13:03:45 IST" duration-ms="25043">
      <class name="testCases.A4Pages">
        <test-method is-config="true" signature="setUp()[pri:0, instance:testCases.A4Pages@7e19ebf0]" started-at="2022-06-01T13:03:20 IST" name="setUp" finished-at="2022-06-01T13:03:20 IST" duration-ms="19" status="PASS">
          <reporter-output>
          </reporter-output>
        </test-method> <!-- setUp -->
        <test-method signature="checkResolutionForA4Pages(int,int)[pri:0, instance:testCases.A4Pages@7e19ebf0]" started-at="2022-06-01T13:03:20 IST" name="checkResolutionForA4Pages" data-provider="windowResolution" finished-at="2022-06-01T13:03:45 IST" duration-ms="25023" status="PASS">
          <params>
            <param index="0">
              <value>
                <![CDATA[2560]]>
              </value>
            </param>
            <param index="1">
              <value>
                <![CDATA[1440]]>
              </value>
            </param>
          </params>
          <reporter-output>
          </reporter-output>
        </test-method> <!-- checkResolutionForA4Pages -->
      </class> <!-- testCases.A4Pages -->
    </test> <!-- ResolutionTest -->
  </suite> <!-- Suite -->
</testng-results>
