<?xml version="1.0" encoding="UTF-8"?>
<testng-results ignored="0" total="8" passed="7" failed="1" skipped="0">
  <reporter-output>
  </reporter-output>
  <suite started-at="2022-06-01T14:00:13 IST" name="Default suite" finished-at="2022-06-01T14:01:52 IST" duration-ms="98697">
    <groups>
    </groups>
    <test started-at="2022-06-01T14:00:13 IST" name="Default test" finished-at="2022-06-01T14:01:52 IST" duration-ms="98697">
      <class name="testCases.WidgetsPages">
        <test-method is-config="true" signature="setUp()[pri:0, instance:testCases.WidgetsPages@576d5deb]" started-at="2022-06-01T14:00:13 IST" name="setUp" finished-at="2022-06-01T14:00:13 IST" duration-ms="56" status="PASS">
          <reporter-output>
          </reporter-output>
        </test-method> <!-- setUp -->
        <test-method signature="checkResolutionForWidgets(int,int)[pri:0, instance:testCases.WidgetsPages@576d5deb]" started-at="2022-06-01T14:00:13 IST" name="checkResolutionForWidgets" data-provider="windowResolution" finished-at="2022-06-01T14:00:24 IST" duration-ms="10056" status="PASS">
          <params>
            <param index="0">
              <value>
                <![CDATA[2560]]>
              </value>
            </param>
            <param index="1">
              <value>
                <![CDATA[1440]]>
              </value>
            </param>
          </params>
          <reporter-output>
          </reporter-output>
        </test-method> <!-- checkResolutionForWidgets -->
        <test-method signature="checkResolutionForWidgets(int,int)[pri:0, instance:testCases.WidgetsPages@576d5deb]" started-at="2022-06-01T14:00:24 IST" name="checkResolutionForWidgets" data-provider="windowResolution" finished-at="2022-06-01T14:00:37 IST" duration-ms="13262" status="PASS">
          <params>
            <param index="0">
              <value>
                <![CDATA[1920]]>
              </value>
            </param>
            <param index="1">
              <value>
                <![CDATA[1080]]>
              </value>
            </param>
          </params>
          <reporter-output>
          </reporter-output>
        </test-method> <!-- checkResolutionForWidgets -->
        <test-method signature="checkResolutionForWidgets(int,int)[pri:0, instance:testCases.WidgetsPages@576d5deb]" started-at="2022-06-01T14:00:37 IST" name="checkResolutionForWidgets" data-provider="windowResolution" finished-at="2022-06-01T14:00:48 IST" duration-ms="10998" status="PASS">
          <params>
            <param index="0">
              <value>
                <![CDATA[1280]]>
              </value>
            </param>
            <param index="1">
              <value>
                <![CDATA[720]]>
              </value>
            </param>
          </params>
          <reporter-output>
          </reporter-output>
        </test-method> <!-- checkResolutionForWidgets -->
        <test-method signature="checkResolutionForWidgets(int,int)[pri:0, instance:testCases.WidgetsPages@576d5deb]" started-at="2022-06-01T14:00:48 IST" name="checkResolutionForWidgets" data-provider="windowResolution" finished-at="2022-06-01T14:01:05 IST" duration-ms="17592" status="PASS">
          <params>
            <param index="0">
              <value>
                <![CDATA[1536]]>
              </value>
            </param>
            <param index="1">
              <value>
                <![CDATA[864]]>
              </value>
            </param>
          </params>
          <reporter-output>
          </reporter-output>
        </test-method> <!-- checkResolutionForWidgets -->
        <test-method signature="checkResolutionForWidgets(int,int)[pri:0, instance:testCases.WidgetsPages@576d5deb]" started-at="2022-06-01T14:01:05 IST" name="checkResolutionForWidgets" data-provider="windowResolution" finished-at="2022-06-01T14:01:18 IST" duration-ms="12677" status="PASS">
          <params>
            <param index="0">
              <value>
                <![CDATA[1366]]>
              </value>
            </param>
            <param index="1">
              <value>
                <![CDATA[768]]>
              </value>
            </param>
          </params>
          <reporter-output>
          </reporter-output>
        </test-method> <!-- checkResolutionForWidgets -->
        <test-method signature="checkResolutionForWidgets(int,int)[pri:0, instance:testCases.WidgetsPages@576d5deb]" started-at="2022-06-01T14:01:18 IST" name="checkResolutionForWidgets" data-provider="windowResolution" finished-at="2022-06-01T14:01:31 IST" duration-ms="13078" status="PASS">
          <params>
            <param index="0">
              <value>
                <![CDATA[1920]]>
              </value>
            </param>
            <param index="1">
              <value>
                <![CDATA[1200]]>
              </value>
            </param>
          </params>
          <reporter-output>
          </reporter-output>
        </test-method> <!-- checkResolutionForWidgets -->
        <test-method signature="checkResolutionForWidgets(int,int)[pri:0, instance:testCases.WidgetsPages@576d5deb]" started-at="2022-06-01T14:01:31 IST" name="checkResolutionForWidgets" data-provider="windowResolution" finished-at="2022-06-01T14:01:44 IST" duration-ms="13004" status="PASS">
          <params>
            <param index="0">
              <value>
                <![CDATA[1440]]>
              </value>
            </param>
            <param index="1">
              <value>
                <![CDATA[900]]>
              </value>
            </param>
          </params>
          <reporter-output>
          </reporter-output>
        </test-method> <!-- checkResolutionForWidgets -->
        <test-method signature="checkResolutionForWidgets(int,int)[pri:0, instance:testCases.WidgetsPages@576d5deb]" started-at="2022-06-01T14:01:44 IST" name="checkResolutionForWidgets" data-provider="windowResolution" finished-at="2022-06-01T14:01:52 IST" duration-ms="7998" status="FAIL">
          <params>
            <param index="0">
              <value>
                <![CDATA[1680]]>
              </value>
            </param>
            <param index="1">
              <value>
                <![CDATA[1050]]>
              </value>
            </param>
          </params>
          <exception class="java.lang.AssertionError">
            <message>
              <![CDATA[image is not displayed properly expected [true] but found [false]]]>
            </message>
            <full-stacktrace>
              <![CDATA[java.lang.AssertionError: image is not displayed properly expected [true] but found [false]
at org.testng.Assert.fail(Assert.java:99)
at org.testng.Assert.failNotEquals(Assert.java:1037)
at org.testng.Assert.assertTrue(Assert.java:45)
at testCases.WidgetsPages.checkResolutionForWidgets(WidgetsPages.java:57)
at java.base/jdk.internal.reflect.NativeMethodAccessorImpl.invoke0(Native Method)
at java.base/jdk.internal.reflect.NativeMethodAccessorImpl.invoke(NativeMethodAccessorImpl.java:77)
at java.base/jdk.internal.reflect.DelegatingMethodAccessorImpl.invoke(DelegatingMethodAccessorImpl.java:43)
at java.base/java.lang.reflect.Method.invoke(Method.java:568)
at org.testng.internal.MethodInvocationHelper.invokeMethod(MethodInvocationHelper.java:133)
at org.testng.internal.TestInvoker.invokeMethod(TestInvoker.java:598)
at org.testng.internal.TestInvoker.invokeTestMethod(TestInvoker.java:173)
at org.testng.internal.MethodRunner.runInSequence(MethodRunner.java:46)
at org.testng.internal.TestInvoker$MethodInvocationAgent.invoke(TestInvoker.java:824)
at org.testng.internal.TestInvoker.invokeTestMethods(TestInvoker.java:146)
at org.testng.internal.TestMethodWorker.invokeTestMethods(TestMethodWorker.java:146)
at org.testng.internal.TestMethodWorker.run(TestMethodWorker.java:128)
at java.base/java.util.ArrayList.forEach(ArrayList.java:1511)
at org.testng.TestRunner.privateRun(TestRunner.java:794)
at org.testng.TestRunner.run(TestRunner.java:596)
at org.testng.SuiteRunner.runTest(SuiteRunner.java:377)
at org.testng.SuiteRunner.runSequentially(SuiteRunner.java:371)
at org.testng.SuiteRunner.privateRun(SuiteRunner.java:332)
at org.testng.SuiteRunner.run(SuiteRunner.java:276)
at org.testng.SuiteRunnerWorker.runSuite(SuiteRunnerWorker.java:53)
at org.testng.SuiteRunnerWorker.run(SuiteRunnerWorker.java:96)
at org.testng.TestNG.runSuitesSequentially(TestNG.java:1212)
at org.testng.TestNG.runSuitesLocally(TestNG.java:1134)
at org.testng.TestNG.runSuites(TestNG.java:1063)
at org.testng.TestNG.run(TestNG.java:1031)
at org.testng.remote.AbstractRemoteTestNG.run(AbstractRemoteTestNG.java:115)
at org.testng.remote.RemoteTestNG.initAndRun(RemoteTestNG.java:251)
at org.testng.remote.RemoteTestNG.main(RemoteTestNG.java:77)
]]>
            </full-stacktrace>
          </exception> <!-- java.lang.AssertionError -->
          <reporter-output>
          </reporter-output>
        </test-method> <!-- checkResolutionForWidgets -->
      </class> <!-- testCases.WidgetsPages -->
    </test> <!-- Default test -->
  </suite> <!-- Default suite -->
</testng-results>
